@!@!@STARTMSG 2262:0 @!@!@
TLC2 Version 2.12 of 29 January 2018
@!@!@ENDMSG 2262 @!@!@
@!@!@STARTMSG 2187:0 @!@!@
Running breadth-first search Model-Checking with 4 workers on 8 cores with 1188MB heap and 2670MB offheap memory (Windows 10 10.0 amd64, Oracle Corporation 1.8.0_162 x86_64).
@!@!@ENDMSG 2187 @!@!@
@!@!@STARTMSG 2220:0 @!@!@
Starting SANY...
@!@!@ENDMSG 2220 @!@!@
Parsing file C:\Users\jensk\Desktop\Modelling and verification\RoundRobin\RoundRobin.toolbox\Model_1\MC.tla
Parsing file C:\Users\jensk\Desktop\Modelling and verification\RoundRobin\RoundRobin.toolbox\Model_1\RoundRobin.tla
Parsing file C:\Users\jensk\Desktop\Modelling and verification\ToolBox\toolbox\plugins\org.lamport.tlatools_1.0.0.201801291236\tla2sany\StandardModules\TLC.tla
Parsing file C:\Users\jensk\Desktop\Modelling and verification\ToolBox\toolbox\plugins\org.lamport.tlatools_1.0.0.201801291236\tla2sany\StandardModules\Naturals.tla
Parsing file C:\Users\jensk\Desktop\Modelling and verification\ToolBox\toolbox\plugins\org.lamport.tlatools_1.0.0.201801291236\tla2sany\StandardModules\Sequences.tla
Semantic processing of module Naturals
Semantic processing of module RoundRobin
Semantic processing of module Sequences
Semantic processing of module TLC
Semantic processing of module MC
@!@!@STARTMSG 2219:0 @!@!@
SANY finished.
@!@!@ENDMSG 2219 @!@!@
@!@!@STARTMSG 2185:0 @!@!@
Starting... (2018-04-17 09:18:29)
@!@!@ENDMSG 2185 @!@!@
@!@!@STARTMSG 2189:0 @!@!@
Computing initial states...
@!@!@ENDMSG 2189 @!@!@
@!@!@STARTMSG 2190:0 @!@!@
Finished computing initial states: 1 distinct state generated.
@!@!@ENDMSG 2190 @!@!@
@!@!@STARTMSG 2193:0 @!@!@
Model checking completed. No error has been found.
  Estimates of the probability that TLC did not check all reachable states
  because two distinct states had the same fingerprint:
  calculated (optimistic):  val = 8.8E-17
  based on the actual fingerprints:  val = 1.2E-14
@!@!@ENDMSG 2193 @!@!@
@!@!@STARTMSG 2201:0 @!@!@
The coverage statistics at 2018-04-17 09:18:32
@!@!@ENDMSG 2201 @!@!@
@!@!@STARTMSG 2221:0 @!@!@
  line 25, col 38 to line 25, col 42 of module RoundRobin: 80
@!@!@ENDMSG 2221 @!@!@
@!@!@STARTMSG 2221:0 @!@!@
  line 25, col 45 to line 25, col 48 of module RoundRobin: 80
@!@!@ENDMSG 2221 @!@!@
@!@!@STARTMSG 2221:0 @!@!@
  line 25, col 51 to line 25, col 52 of module RoundRobin: 80
@!@!@ENDMSG 2221 @!@!@
@!@!@STARTMSG 2221:0 @!@!@
  line 25, col 55 to line 25, col 65 of module RoundRobin: 80
@!@!@ENDMSG 2221 @!@!@
@!@!@STARTMSG 2221:0 @!@!@
  line 29, col 27 to line 29, col 53 of module RoundRobin: 5
@!@!@ENDMSG 2221 @!@!@
@!@!@STARTMSG 2221:0 @!@!@
  line 30, col 27 to line 30, col 61 of module RoundRobin: 5
@!@!@ENDMSG 2221 @!@!@
@!@!@STARTMSG 2221:0 @!@!@
  line 31, col 39 to line 31, col 43 of module RoundRobin: 5
@!@!@ENDMSG 2221 @!@!@
@!@!@STARTMSG 2221:0 @!@!@
  line 31, col 46 to line 31, col 56 of module RoundRobin: 5
@!@!@ENDMSG 2221 @!@!@
@!@!@STARTMSG 2221:0 @!@!@
  line 34, col 27 to line 34, col 53 of module RoundRobin: 5
@!@!@ENDMSG 2221 @!@!@
@!@!@STARTMSG 2221:0 @!@!@
  line 35, col 27 to line 35, col 62 of module RoundRobin: 5
@!@!@ENDMSG 2221 @!@!@
@!@!@STARTMSG 2221:0 @!@!@
  line 36, col 27 to line 36, col 56 of module RoundRobin: 5
@!@!@ENDMSG 2221 @!@!@
@!@!@STARTMSG 2221:0 @!@!@
  line 37, col 39 to line 37, col 42 of module RoundRobin: 5
@!@!@ENDMSG 2221 @!@!@
@!@!@STARTMSG 2221:0 @!@!@
  line 40, col 27 to line 40, col 63 of module RoundRobin: 5
@!@!@ENDMSG 2221 @!@!@
@!@!@STARTMSG 2221:0 @!@!@
  line 41, col 27 to line 41, col 53 of module RoundRobin: 5
@!@!@ENDMSG 2221 @!@!@
@!@!@STARTMSG 2221:0 @!@!@
  line 42, col 27 to line 42, col 56 of module RoundRobin: 5
@!@!@ENDMSG 2221 @!@!@
@!@!@STARTMSG 2221:0 @!@!@
  line 43, col 39 to line 43, col 42 of module RoundRobin: 5
@!@!@ENDMSG 2221 @!@!@
@!@!@STARTMSG 2221:0 @!@!@
  line 46, col 29 to line 46, col 81 of module RoundRobin: 5
@!@!@ENDMSG 2221 @!@!@
@!@!@STARTMSG 2221:0 @!@!@
  line 47, col 29 to line 47, col 55 of module RoundRobin: 5
@!@!@ENDMSG 2221 @!@!@
@!@!@STARTMSG 2221:0 @!@!@
  line 48, col 41 to line 48, col 45 of module RoundRobin: 5
@!@!@ENDMSG 2221 @!@!@
@!@!@STARTMSG 2221:0 @!@!@
  line 48, col 48 to line 48, col 58 of module RoundRobin: 5
@!@!@ENDMSG 2221 @!@!@
@!@!@STARTMSG 2202:0 @!@!@
End of statistics.
@!@!@ENDMSG 2202 @!@!@
@!@!@STARTMSG 2200:0 @!@!@
Progress(20) at 2018-04-17 09:18:32: 101 states generated (1,949 s/min), 20 distinct states found (386 ds/min), 0 states left on queue.
@!@!@ENDMSG 2200 @!@!@
@!@!@STARTMSG 2199:0 @!@!@
101 states generated, 20 distinct states found, 0 states left on queue.
@!@!@ENDMSG 2199 @!@!@
@!@!@STARTMSG 2194:0 @!@!@
The depth of the complete state graph search is 20.
@!@!@ENDMSG 2194 @!@!@
@!@!@STARTMSG 2268:0 @!@!@
The average outdegree of the complete state graph is 1 (minimum is 0, the maximum 1 and the 95th percentile is 1).
@!@!@ENDMSG 2268 @!@!@
@!@!@STARTMSG 2186:0 @!@!@
Finished in 3288ms at (2018-04-17 09:18:32)
@!@!@ENDMSG 2186 @!@!@
