@!@!@STARTMSG 2262:0 @!@!@
TLC2 Version 2.12 of 29 January 2018
@!@!@ENDMSG 2262 @!@!@
@!@!@STARTMSG 2187:0 @!@!@
Running breadth-first search Model-Checking with 4 workers on 8 cores with 1188MB heap and 2670MB offheap memory (Windows 10 10.0 amd64, Oracle Corporation 1.8.0_162 x86_64).
@!@!@ENDMSG 2187 @!@!@
@!@!@STARTMSG 2220:0 @!@!@
Starting SANY...
@!@!@ENDMSG 2220 @!@!@
Parsing file C:\Users\jensk\Desktop\Modelling and verification\RoundRobin\RoundRobin.toolbox\Model_1\MC.tla
Parsing file C:\Users\jensk\Desktop\Modelling and verification\RoundRobin\RoundRobin.toolbox\Model_1\RoundRobin.tla
Parsing file C:\Users\jensk\Desktop\Modelling and verification\ToolBox\toolbox\plugins\org.lamport.tlatools_1.0.0.201801291236\tla2sany\StandardModules\TLC.tla
Parsing file C:\Users\jensk\Desktop\Modelling and verification\ToolBox\toolbox\plugins\org.lamport.tlatools_1.0.0.201801291236\tla2sany\StandardModules\Naturals.tla
Parsing file C:\Users\jensk\Desktop\Modelling and verification\ToolBox\toolbox\plugins\org.lamport.tlatools_1.0.0.201801291236\tla2sany\StandardModules\Sequences.tla
Semantic processing of module Naturals
Semantic processing of module RoundRobin
Semantic processing of module Sequences
Semantic processing of module TLC
Semantic processing of module MC
@!@!@STARTMSG 2219:0 @!@!@
SANY finished.
@!@!@ENDMSG 2219 @!@!@
@!@!@STARTMSG 2185:0 @!@!@
Starting... (2018-04-17 09:23:21)
@!@!@ENDMSG 2185 @!@!@
@!@!@STARTMSG 2189:0 @!@!@
Computing initial states...
@!@!@ENDMSG 2189 @!@!@
@!@!@STARTMSG 2190:0 @!@!@
Finished computing initial states: 1 distinct state generated.
@!@!@ENDMSG 2190 @!@!@
@!@!@STARTMSG 2110:1 @!@!@
Invariant inv_152394980163751000 is violated.
@!@!@ENDMSG 2110 @!@!@
@!@!@STARTMSG 2121:1 @!@!@
The behavior up to this point is:
@!@!@ENDMSG 2121 @!@!@
@!@!@STARTMSG 2217:4 @!@!@
1: <Initial predicate>
/\ PC = (0 :> 1 @@ 1 :> 1 @@ 2 :> 1 @@ 3 :> 1 @@ 4 :> 1)
/\ CHAN = (0 :> TRUE @@ 1 :> FALSE @@ 2 :> FALSE @@ 3 :> FALSE @@ 4 :> FALSE)
/\ ACCESSCOUNT = 0
/\ PHONE = (0 :> FALSE @@ 1 :> FALSE @@ 2 :> FALSE @@ 3 :> FALSE @@ 4 :> FALSE)

@!@!@ENDMSG 2217 @!@!@
@!@!@STARTMSG 2217:4 @!@!@
2: <ReceiveToken line 29, col 24 to line 33, col 58 of module RoundRobin>
/\ PC = (0 :> 2 @@ 1 :> 1 @@ 2 :> 1 @@ 3 :> 1 @@ 4 :> 1)
/\ CHAN = (0 :> FALSE @@ 1 :> FALSE @@ 2 :> FALSE @@ 3 :> FALSE @@ 4 :> FALSE)
/\ ACCESSCOUNT = 0
/\ PHONE = (0 :> FALSE @@ 1 :> FALSE @@ 2 :> FALSE @@ 3 :> FALSE @@ 4 :> FALSE)

@!@!@ENDMSG 2217 @!@!@
@!@!@STARTMSG 2217:4 @!@!@
3: <PickUpPhone line 35, col 24 to line 39, col 44 of module RoundRobin>
/\ PC = (0 :> 3 @@ 1 :> 1 @@ 2 :> 1 @@ 3 :> 1 @@ 4 :> 1)
/\ CHAN = (0 :> FALSE @@ 1 :> FALSE @@ 2 :> FALSE @@ 3 :> FALSE @@ 4 :> FALSE)
/\ ACCESSCOUNT = 1
/\ PHONE = (0 :> TRUE @@ 1 :> FALSE @@ 2 :> FALSE @@ 3 :> FALSE @@ 4 :> FALSE)

@!@!@ENDMSG 2217 @!@!@
@!@!@STARTMSG 2217:4 @!@!@
4: <HangUpPhone line 41, col 24 to line 45, col 44 of module RoundRobin>
/\ PC = (0 :> 4 @@ 1 :> 1 @@ 2 :> 1 @@ 3 :> 1 @@ 4 :> 1)
/\ CHAN = (0 :> FALSE @@ 1 :> FALSE @@ 2 :> FALSE @@ 3 :> FALSE @@ 4 :> FALSE)
/\ ACCESSCOUNT = 1
/\ PHONE = (0 :> FALSE @@ 1 :> FALSE @@ 2 :> FALSE @@ 3 :> FALSE @@ 4 :> FALSE)

@!@!@ENDMSG 2217 @!@!@
@!@!@STARTMSG 2217:4 @!@!@
5: <SendToken line 47, col 26 to line 50, col 60 of module RoundRobin>
/\ PC = (0 :> 1 @@ 1 :> 1 @@ 2 :> 1 @@ 3 :> 1 @@ 4 :> 1)
/\ CHAN = (0 :> FALSE @@ 1 :> TRUE @@ 2 :> FALSE @@ 3 :> FALSE @@ 4 :> FALSE)
/\ ACCESSCOUNT = 1
/\ PHONE = (0 :> FALSE @@ 1 :> FALSE @@ 2 :> FALSE @@ 3 :> FALSE @@ 4 :> FALSE)

@!@!@ENDMSG 2217 @!@!@
@!@!@STARTMSG 2217:4 @!@!@
6: <ReceiveToken line 29, col 24 to line 33, col 58 of module RoundRobin>
/\ PC = (0 :> 1 @@ 1 :> 2 @@ 2 :> 1 @@ 3 :> 1 @@ 4 :> 1)
/\ CHAN = (0 :> FALSE @@ 1 :> FALSE @@ 2 :> FALSE @@ 3 :> FALSE @@ 4 :> FALSE)
/\ ACCESSCOUNT = 1
/\ PHONE = (0 :> FALSE @@ 1 :> FALSE @@ 2 :> FALSE @@ 3 :> FALSE @@ 4 :> FALSE)

@!@!@ENDMSG 2217 @!@!@
@!@!@STARTMSG 2217:4 @!@!@
7: <PickUpPhone line 35, col 24 to line 39, col 44 of module RoundRobin>
/\ PC = (0 :> 1 @@ 1 :> 3 @@ 2 :> 1 @@ 3 :> 1 @@ 4 :> 1)
/\ CHAN = (0 :> FALSE @@ 1 :> FALSE @@ 2 :> FALSE @@ 3 :> FALSE @@ 4 :> FALSE)
/\ ACCESSCOUNT = 2
/\ PHONE = (0 :> FALSE @@ 1 :> TRUE @@ 2 :> FALSE @@ 3 :> FALSE @@ 4 :> FALSE)

@!@!@ENDMSG 2217 @!@!@
@!@!@STARTMSG 2201:0 @!@!@
The coverage statistics at 2018-04-17 09:23:22
@!@!@ENDMSG 2201 @!@!@
@!@!@STARTMSG 2221:0 @!@!@
  line 27, col 38 to line 27, col 42 of module RoundRobin: 21
@!@!@ENDMSG 2221 @!@!@
@!@!@STARTMSG 2221:0 @!@!@
  line 27, col 45 to line 27, col 48 of module RoundRobin: 21
@!@!@ENDMSG 2221 @!@!@
@!@!@STARTMSG 2221:0 @!@!@
  line 27, col 51 to line 27, col 52 of module RoundRobin: 21
@!@!@ENDMSG 2221 @!@!@
@!@!@STARTMSG 2221:0 @!@!@
  line 27, col 55 to line 27, col 65 of module RoundRobin: 21
@!@!@ENDMSG 2221 @!@!@
@!@!@STARTMSG 2221:0 @!@!@
  line 31, col 27 to line 31, col 53 of module RoundRobin: 2
@!@!@ENDMSG 2221 @!@!@
@!@!@STARTMSG 2221:0 @!@!@
  line 32, col 27 to line 32, col 61 of module RoundRobin: 2
@!@!@ENDMSG 2221 @!@!@
@!@!@STARTMSG 2221:0 @!@!@
  line 33, col 39 to line 33, col 43 of module RoundRobin: 2
@!@!@ENDMSG 2221 @!@!@
@!@!@STARTMSG 2221:0 @!@!@
  line 33, col 46 to line 33, col 56 of module RoundRobin: 2
@!@!@ENDMSG 2221 @!@!@
@!@!@STARTMSG 2221:0 @!@!@
  line 36, col 27 to line 36, col 53 of module RoundRobin: 2
@!@!@ENDMSG 2221 @!@!@
@!@!@STARTMSG 2221:0 @!@!@
  line 37, col 27 to line 37, col 62 of module RoundRobin: 2
@!@!@ENDMSG 2221 @!@!@
@!@!@STARTMSG 2221:0 @!@!@
  line 38, col 27 to line 38, col 56 of module RoundRobin: 2
@!@!@ENDMSG 2221 @!@!@
@!@!@STARTMSG 2221:0 @!@!@
  line 39, col 39 to line 39, col 42 of module RoundRobin: 2
@!@!@ENDMSG 2221 @!@!@
@!@!@STARTMSG 2221:0 @!@!@
  line 42, col 27 to line 42, col 63 of module RoundRobin: 1
@!@!@ENDMSG 2221 @!@!@
@!@!@STARTMSG 2221:0 @!@!@
  line 43, col 27 to line 43, col 53 of module RoundRobin: 1
@!@!@ENDMSG 2221 @!@!@
@!@!@STARTMSG 2221:0 @!@!@
  line 44, col 27 to line 44, col 52 of module RoundRobin: 1
@!@!@ENDMSG 2221 @!@!@
@!@!@STARTMSG 2221:0 @!@!@
  line 45, col 39 to line 45, col 42 of module RoundRobin: 1
@!@!@ENDMSG 2221 @!@!@
@!@!@STARTMSG 2221:0 @!@!@
  line 48, col 29 to line 48, col 81 of module RoundRobin: 1
@!@!@ENDMSG 2221 @!@!@
@!@!@STARTMSG 2221:0 @!@!@
  line 49, col 29 to line 49, col 55 of module RoundRobin: 1
@!@!@ENDMSG 2221 @!@!@
@!@!@STARTMSG 2221:0 @!@!@
  line 50, col 41 to line 50, col 45 of module RoundRobin: 1
@!@!@ENDMSG 2221 @!@!@
@!@!@STARTMSG 2221:0 @!@!@
  line 50, col 48 to line 50, col 58 of module RoundRobin: 1
@!@!@ENDMSG 2221 @!@!@
@!@!@STARTMSG 2202:0 @!@!@
End of statistics.
@!@!@ENDMSG 2202 @!@!@
@!@!@STARTMSG 2200:0 @!@!@
Progress(7) at 2018-04-17 09:23:22: 28 states generated (3,574 s/min), 7 distinct states found (893 ds/min), 0 states left on queue.
@!@!@ENDMSG 2200 @!@!@
@!@!@STARTMSG 2199:0 @!@!@
28 states generated, 7 distinct states found, 0 states left on queue.
@!@!@ENDMSG 2199 @!@!@
@!@!@STARTMSG 2194:0 @!@!@
The depth of the complete state graph search is 7.
@!@!@ENDMSG 2194 @!@!@
@!@!@STARTMSG 2268:0 @!@!@
The average outdegree of the complete state graph is 1 (minimum is 1, the maximum 1 and the 95th percentile is 1).
@!@!@ENDMSG 2268 @!@!@
@!@!@STARTMSG 2186:0 @!@!@
Finished in 643ms at (2018-04-17 09:23:22)
@!@!@ENDMSG 2186 @!@!@
