@!@!@STARTMSG 2262:0 @!@!@
TLC2 Version 2.11 of 05 January 2018
@!@!@ENDMSG 2262 @!@!@
@!@!@STARTMSG 2187:0 @!@!@
Running breadth-first search Model-Checking with 2 workers on 4 cores with 599MB heap and 1345MB offheap memory (Windows 10 10.0 amd64, Oracle Corporation 1.8.0_162 x86_64).
@!@!@ENDMSG 2187 @!@!@
@!@!@STARTMSG 2220:0 @!@!@
Starting SANY...
@!@!@ENDMSG 2220 @!@!@
Parsing file MC.tla
Parsing file InnerLIFO.tla
Parsing file D:\Modelling and Verification\toolbox\plugins\org.lamport.tlatools_1.0.0.201801080826\tla2sany\StandardModules\TLC.tla
Parsing file D:\Modelling and Verification\toolbox\plugins\org.lamport.tlatools_1.0.0.201801080826\tla2sany\StandardModules\Naturals.tla
Parsing file D:\Modelling and Verification\toolbox\plugins\org.lamport.tlatools_1.0.0.201801080826\tla2sany\StandardModules\Sequences.tla
Parsing file Channel.tla
Semantic processing of module Naturals
Semantic processing of module Sequences
Semantic processing of module Channel
Semantic processing of module InnerLIFO
Semantic processing of module TLC
Semantic processing of module MC
@!@!@STARTMSG 2219:0 @!@!@
SANY finished.
@!@!@ENDMSG 2219 @!@!@
@!@!@STARTMSG 2185:0 @!@!@
Starting... (2018-03-15 09:00:24)
@!@!@ENDMSG 2185 @!@!@
@!@!@STARTMSG 2189:0 @!@!@
Computing initial states...
@!@!@ENDMSG 2189 @!@!@
@!@!@STARTMSG 2190:0 @!@!@
Finished computing initial states: 16 distinct states generated.
@!@!@ENDMSG 2190 @!@!@
@!@!@STARTMSG 2200:0 @!@!@
Progress(22) at 2018-03-15 09:00:30: 102450 states generated (102.450 s/min), 54846 distinct states found (54.846 ds/min), 9901 states left on queue.
@!@!@ENDMSG 2200 @!@!@
@!@!@STARTMSG 2193:0 @!@!@
Model checking completed. No error has been found.
  Estimates of the probability that TLC did not check all reachable states
  because two distinct states had the same fingerprint:
  calculated (optimistic):  val = 3.8E-10
  based on the actual fingerprints:  val = 1.9E-12
@!@!@ENDMSG 2193 @!@!@
@!@!@STARTMSG 2201:0 @!@!@
The coverage statistics at 2018-03-15 09:00:36
@!@!@ENDMSG 2201 @!@!@
@!@!@STARTMSG 2221:0 @!@!@
  line 14, col 15 to line 14, col 58 of module Channel: 96128
@!@!@ENDMSG 2221 @!@!@
@!@!@STARTMSG 2221:0 @!@!@
  line 17, col 15 to line 17, col 47 of module Channel: 71616
@!@!@ENDMSG 2221 @!@!@
@!@!@STARTMSG 2221:0 @!@!@
  line 47, col 32 to line 47, col 34 of module InnerLIFO: 57280
@!@!@ENDMSG 2221 @!@!@
@!@!@STARTMSG 2221:0 @!@!@
  line 47, col 37 to line 47, col 37 of module InnerLIFO: 57280
@!@!@ENDMSG 2221 @!@!@
@!@!@STARTMSG 2221:0 @!@!@
  line 51, col 14 to line 51, col 33 of module InnerLIFO: 32736
@!@!@ENDMSG 2221 @!@!@
@!@!@STARTMSG 2221:0 @!@!@
  line 52, col 24 to line 52, col 26 of module InnerLIFO: 32736
@!@!@ENDMSG 2221 @!@!@
@!@!@STARTMSG 2221:0 @!@!@
  line 56, col 15 to line 56, col 26 of module InnerLIFO: 38848
@!@!@ENDMSG 2221 @!@!@
@!@!@STARTMSG 2221:0 @!@!@
  line 57, col 25 to line 57, col 26 of module InnerLIFO: 38848
@!@!@ENDMSG 2221 @!@!@
@!@!@STARTMSG 2221:0 @!@!@
  line 60, col 24 to line 60, col 25 of module InnerLIFO: 38880
@!@!@ENDMSG 2221 @!@!@
@!@!@STARTMSG 2221:0 @!@!@
  line 60, col 28 to line 60, col 28 of module InnerLIFO: 38880
@!@!@ENDMSG 2221 @!@!@
@!@!@STARTMSG 2202:0 @!@!@
End of statistics.
@!@!@ENDMSG 2202 @!@!@
@!@!@STARTMSG 2200:0 @!@!@
Progress(25) at 2018-03-15 09:00:36: 167760 states generated (954.809 s/min), 77760 distinct states found (442.572 ds/min), 0 states left on queue.
@!@!@ENDMSG 2200 @!@!@
@!@!@STARTMSG 2199:0 @!@!@
167760 states generated, 77760 distinct states found, 0 states left on queue.
@!@!@ENDMSG 2199 @!@!@
@!@!@STARTMSG 2194:0 @!@!@
The depth of the complete state graph search is 25.
@!@!@ENDMSG 2194 @!@!@
@!@!@STARTMSG 2268:0 @!@!@
The average outdegree of the complete state graph is 1 (minimum is 0, the maximum 3 and the 95th percentile is 2).
@!@!@ENDMSG 2268 @!@!@
@!@!@STARTMSG 2186:0 @!@!@
Finished in 13887ms at (2018-03-15 09:00:36)
@!@!@ENDMSG 2186 @!@!@
