This is pdfTeX, Version 3.1415926-2.4-1.40.13 (MiKTeX 2.9) (preloaded format=pdflatex 2016.2.22)  7 MAR 2018 11:38
entering extended mode
**PlusCalLIFO.tex
("D:\Modelling and Verification\PlusCalLIFO\PlusCalLIFO.toolbox\PlusCalLIFO.tex
"
LaTeX2e <2011/06/27>
Babel <v3.8m> and hyphenation patterns for english, afrikaans, ancientgreek, ar
abic, armenian, assamese, basque, bengali, bokmal, bulgarian, catalan, coptic, 
croatian, czech, danish, dutch, esperanto, estonian, farsi, finnish, french, ga
lician, german, german-x-2012-05-30, greek, gujarati, hindi, hungarian, iceland
ic, indonesian, interlingua, irish, italian, kannada, kurmanji, latin, latvian,
 lithuanian, malayalam, marathi, mongolian, mongolianlmc, monogreek, ngerman, n
german-x-2012-05-30, nynorsk, oriya, panjabi, pinyin, polish, portuguese, roman
ian, russian, sanskrit, serbian, slovak, slovenian, spanish, swedish, swissgerm
an, tamil, telugu, turkish, turkmen, ukenglish, ukrainian, uppersorbian, usengl
ishmax, welsh, loaded.

("C:\Program Files (x86)\MiKTeX 2.9\tex\latex\base\article.cls"
Document Class: article 2007/10/19 v1.4h Standard LaTeX document class
("C:\Program Files (x86)\MiKTeX 2.9\tex\latex\base\size10.clo"
File: size10.clo 2007/10/19 v1.4h Standard LaTeX file (size option)
)
\c@part=\count79
\c@section=\count80
\c@subsection=\count81
\c@subsubsection=\count82
\c@paragraph=\count83
\c@subparagraph=\count84
\c@figure=\count85
\c@table=\count86
\abovecaptionskip=\skip41
\belowcaptionskip=\skip42
\bibindent=\dimen102
) ("C:\Program Files (x86)\MiKTeX 2.9\tex\latex\graphics\color.sty"
Package: color 2005/11/14 v1.0j Standard LaTeX Color (DPC)
("C:\Program Files (x86)\MiKTeX 2.9\tex\latex\00miktex\color.cfg"
File: color.cfg 2007/01/18 v1.5 color configuration of teTeX/TeXLive
)
Package color Info: Driver file: pdftex.def on input line 130.
("C:\Program Files (x86)\MiKTeX 2.9\tex\latex\pdftex-def\pdftex.def"
File: pdftex.def 2011/05/27 v0.06d Graphics/color for pdfTeX
("C:\Program Files (x86)\MiKTeX 2.9\tex\generic\oberdiek\infwarerr.sty"
Package: infwarerr 2010/04/08 v1.3 Providing info/warning/error messages (HO)
) ("C:\Program Files (x86)\MiKTeX 2.9\tex\generic\oberdiek\ltxcmds.sty"
Package: ltxcmds 2011/11/09 v1.22 LaTeX kernel commands for general use (HO)
)
\Gread@gobject=\count87
)) ("C:\Program Files (x86)\MiKTeX 2.9\tex\latex\base\latexsym.sty"
Package: latexsym 1998/08/17 v2.2e Standard LaTeX package (lasy symbols)
\symlasy=\mathgroup4
LaTeX Font Info:    Overwriting symbol font `lasy' in version `bold'
(Font)                  U/lasy/m/n --> U/lasy/b/n on input line 47.
) ("C:\Program Files (x86)\MiKTeX 2.9\tex\latex\base\ifthen.sty"
Package: ifthen 2001/05/26 v1.1c Standard LaTeX ifthen package (DPC)
)
\symlength=\skip43
\equalswidth=\skip44
\charwidth=\skip45
\boxrulewd=\skip46
\boxlineht=\skip47
\boxruleht=\skip48
\boxruledp=\skip49
\pcalvspace=\skip50
\lcomindent=\skip51
\@xlen=\skip52
\templena=\skip53
\templenb=\skip54
\tempboxa=\box26
\vshadelen=\skip55
\boxwidth=\skip56
\multicommentdepth=\skip57
\c@pardepth=\count88
\tempsbox=\box27
\@cparht=\skip58
\@cpardp=\skip59
\xmcomlen=\skip60
\spacewidth=\skip61
\alignboxwidth=\skip62
\alignwidth=\skip63
\alignbox=\box28
\symtlaitalics=\mathgroup5
\c@tlx@ctr=\count89
("C:\Program Files (x86)\MiKTeX 2.9\tex\latex\tools\verbatim.sty"
Package: verbatim 2003/08/22 v1.5q LaTeX2e package for verbatim enhancements
\every@verbatim=\toks14
\verbatim@line=\toks15
\verbatim@in@stream=\read1
) ("D:\Modelling and Verification\PlusCalLIFO\PlusCalLIFO.toolbox\PlusCalLIFO.a
ux")
LaTeX Font Info:    Checking defaults for OML/cmm/m/it on input line 939.
LaTeX Font Info:    ... okay on input line 939.
LaTeX Font Info:    Checking defaults for T1/cmr/m/n on input line 939.
LaTeX Font Info:    ... okay on input line 939.
LaTeX Font Info:    Checking defaults for OT1/cmr/m/n on input line 939.
LaTeX Font Info:    ... okay on input line 939.
LaTeX Font Info:    Checking defaults for OMS/cmsy/m/n on input line 939.
LaTeX Font Info:    ... okay on input line 939.
LaTeX Font Info:    Checking defaults for OMX/cmex/m/n on input line 939.
LaTeX Font Info:    ... okay on input line 939.
LaTeX Font Info:    Checking defaults for U/cmr/m/n on input line 939.
LaTeX Font Info:    ... okay on input line 939.
("C:\Program Files (x86)\MiKTeX 2.9\tex\context\base\supp-pdf.mkii"
[Loading MPS to PDF converter (version 2006.09.02).]
\scratchcounter=\count90
\scratchdimen=\dimen103
\scratchbox=\box29
\nofMPsegments=\count91
\nofMParguments=\count92
\everyMPshowfont=\toks16
\MPscratchCnt=\count93
\MPscratchDim=\dimen104
\MPnumerator=\count94
\makeMPintoPDFobject=\count95
\everyMPtoPDFconversion=\toks17
)
LaTeX Font Info:    External font `cmex10' loaded for size
(Font)              <7> on input line 942.
LaTeX Font Info:    External font `cmex10' loaded for size
(Font)              <5> on input line 942.
LaTeX Font Info:    Try loading font information for U+lasy on input line 942.
("C:\Program Files (x86)\MiKTeX 2.9\tex\latex\base\ulasy.fd"
File: ulasy.fd 1998/08/17 v2.2e LaTeX symbol font definitions
)
LaTeX Font Info:    External font `cmex10' loaded for size
(Font)              <8> on input line 954.
LaTeX Font Info:    External font `cmex10' loaded for size
(Font)              <6> on input line 954.
LaTeX Font Info:    Try loading font information for OMS+cmr on input line 959.

("C:\Program Files (x86)\MiKTeX 2.9\tex\latex\base\omscmr.fd"
File: omscmr.fd 1999/05/25 v2.5h Standard LaTeX font definitions
)
LaTeX Font Info:    Font shape `OMS/cmr/bx/n' in size <10> not available
(Font)              Font shape `OMS/cmsy/b/n' tried instead on input line 959.
[1

{C:/ProgramData/MiKTeX/2.9/pdftex/config/pdftex.map}] [2]
Overfull \hbox (59.52489pt too wide) in paragraph at lines 1201--1203
[][] 
 []


Overfull \hbox (59.52489pt too wide) in paragraph at lines 1205--1207
[][] 
 []


Overfull \hbox (59.52489pt too wide) in paragraph at lines 1209--1210
[][] 
 []

[3]
Overfull \hbox (59.52489pt too wide) in paragraph at lines 1212--1213
[][] 
 []


Overfull \hbox (59.52489pt too wide) in paragraph at lines 1215--1216
[][] 
 []


Overfull \hbox (59.52489pt too wide) in paragraph at lines 1218--1219
[][] 
 []


Overfull \hbox (59.52489pt too wide) in paragraph at lines 1221--1223
[][] 
 []


Overfull \hbox (60.41489pt too wide) in paragraph at lines 1259--1261
[][] 
 []


Overfull \hbox (60.41489pt too wide) in paragraph at lines 1263--1265
[][] 
 []


Overfull \hbox (60.41489pt too wide) in paragraph at lines 1267--1268
[][] 
 []


Overfull \hbox (60.41489pt too wide) in paragraph at lines 1270--1271
[][] 
 []


Overfull \hbox (60.41489pt too wide) in paragraph at lines 1273--1274
[][] 
 []


Overfull \hbox (60.41489pt too wide) in paragraph at lines 1276--1277
[][] 
 []


Overfull \hbox (60.41489pt too wide) in paragraph at lines 1279--1281
[][] 
 []

[4]
Overfull \hbox (60.03488pt too wide) in paragraph at lines 1318--1320
[][] 
 []


Overfull \hbox (60.03488pt too wide) in paragraph at lines 1322--1324
[][] 
 []


Overfull \hbox (60.03488pt too wide) in paragraph at lines 1326--1327
[][] 
 []


Overfull \hbox (60.03488pt too wide) in paragraph at lines 1329--1330
[][] 
 []


Overfull \hbox (60.03488pt too wide) in paragraph at lines 1332--1333
[][] 
 []


Overfull \hbox (60.03488pt too wide) in paragraph at lines 1335--1336
[][] 
 []


Overfull \hbox (60.03488pt too wide) in paragraph at lines 1338--1340
[][] 
 []

[5]
Overfull \hbox (60.03488pt too wide) in paragraph at lines 1382--1384
[][] 
 []


Overfull \hbox (60.03488pt too wide) in paragraph at lines 1386--1388
[][] 
 []


Overfull \hbox (60.03488pt too wide) in paragraph at lines 1390--1391
[][] 
 []


Overfull \hbox (60.03488pt too wide) in paragraph at lines 1393--1394
[][] 
 []


Overfull \hbox (60.03488pt too wide) in paragraph at lines 1396--1397
[][] 
 []


Overfull \hbox (60.03488pt too wide) in paragraph at lines 1399--1400
[][] 
 []


Overfull \hbox (60.03488pt too wide) in paragraph at lines 1402--1404
[][] 
 []

[6] [7] ("D:\Modelling and Verification\PlusCalLIFO\PlusCalLIFO.toolbox\PlusCal
LIFO.aux") ) 
Here is how much of TeX's memory you used:
 1311 strings out of 493921
 16555 string characters out of 3144876
 83991 words of memory out of 3000000
 4632 multiletter control sequences out of 15000+200000
 9373 words of font info for 36 fonts, out of 3000000 for 9000
 841 hyphenation exceptions out of 8191
 24i,10n,28p,236b,322s stack positions out of 5000i,500n,10000p,200000b,50000s
<C:/Program Files (x86)/MiKTeX 2.9/fonts/type1/public/amsfonts/cm/c
mbsy10.pfb><C:/Program Files (x86)/MiKTeX 2.9/fonts/type1/public/amsfonts/cm/cm
bx10.pfb><C:/Program Files (x86)/MiKTeX 2.9/fonts/type1/public/amsfonts/cm/cmcs
c10.pfb><C:/Program Files (x86)/MiKTeX 2.9/fonts/type1/public/amsfonts/cm/cmmi1
0.pfb><C:/Program Files (x86)/MiKTeX 2.9/fonts/type1/public/amsfonts/cm/cmmi8.p
fb><C:/Program Files (x86)/MiKTeX 2.9/fonts/type1/public/amsfonts/cm/cmr10.pfb>
<C:/Program Files (x86)/MiKTeX 2.9/fonts/type1/public/amsfonts/cm/cmr5.pfb><C:/
Program Files (x86)/MiKTeX 2.9/fonts/type1/public/amsfonts/cm/cmr8.pfb><C:/Prog
ram Files (x86)/MiKTeX 2.9/fonts/type1/public/amsfonts/cm/cmr9.pfb><C:/Program 
Files (x86)/MiKTeX 2.9/fonts/type1/public/amsfonts/cm/cmss10.pfb><C:/Program Fi
les (x86)/MiKTeX 2.9/fonts/type1/public/amsfonts/cm/cmsy10.pfb><C:/Program File
s (x86)/MiKTeX 2.9/fonts/type1/public/amsfonts/cm/cmsy7.pfb><C:/Program Files (
x86)/MiKTeX 2.9/fonts/type1/public/amsfonts/cm/cmsy8.pfb><C:/Program Files (x86
)/MiKTeX 2.9/fonts/type1/public/amsfonts/cm/cmti10.pfb><C:/Program Files (x86)/
MiKTeX 2.9/fonts/type1/public/amsfonts/cm/cmti7.pfb><C:/Program Files (x86)/MiK
TeX 2.9/fonts/type1/public/amsfonts/cm/cmti8.pfb><C:/Program Files (x86)/MiKTeX
 2.9/fonts/type1/public/amsfonts/latxfont/lasy10.pfb>
Output written on PlusCalLIFO.pdf (7 pages, 195520 bytes).
PDF statistics:
 94 PDF objects out of 1000 (max. 8388607)
 0 named destinations out of 1000 (max. 500000)
 1 words of extra memory for PDF output out of 10000 (max. 10000000)

