@!@!@STARTMSG 2262:0 @!@!@
TLC2 Version 2.11 of 05 January 2018
@!@!@ENDMSG 2262 @!@!@
@!@!@STARTMSG 2187:0 @!@!@
Running breadth-first search Model-Checking with 2 workers on 4 cores with 599MB heap and 1345MB offheap memory (Windows 10 10.0 amd64, Oracle Corporation 1.8.0_161 x86_64).
@!@!@ENDMSG 2187 @!@!@
@!@!@STARTMSG 2220:0 @!@!@
Starting SANY...
@!@!@ENDMSG 2220 @!@!@
Parsing file MC.tla
Parsing file PlusCalLIFO.tla
Parsing file D:\Modelling and Verification\toolbox\plugins\org.lamport.tlatools_1.0.0.201801080826\tla2sany\StandardModules\TLC.tla
Parsing file D:\Modelling and Verification\toolbox\plugins\org.lamport.tlatools_1.0.0.201801080826\tla2sany\StandardModules\Naturals.tla
Parsing file D:\Modelling and Verification\toolbox\plugins\org.lamport.tlatools_1.0.0.201801080826\tla2sany\StandardModules\Sequences.tla
Semantic processing of module Naturals
Semantic processing of module Sequences
Semantic processing of module TLC
Semantic processing of module PlusCalLIFO
Semantic processing of module MC
@!@!@STARTMSG 2219:0 @!@!@
SANY finished.
@!@!@ENDMSG 2219 @!@!@
@!@!@STARTMSG 2185:0 @!@!@
Starting... (2018-03-08 10:30:45)
@!@!@ENDMSG 2185 @!@!@
@!@!@STARTMSG 2189:0 @!@!@
Computing initial states...
@!@!@ENDMSG 2189 @!@!@
@!@!@STARTMSG 2190:0 @!@!@
Finished computing initial states: 576 distinct states generated.
@!@!@ENDMSG 2190 @!@!@
@!@!@STARTMSG 2200:0 @!@!@
Progress(26) at 2018-03-08 10:30:49: 486614 states generated (486.614 s/min), 170798 distinct states found (170.798 ds/min), 6050 states left on queue.
@!@!@ENDMSG 2200 @!@!@
@!@!@STARTMSG 2193:0 @!@!@
Model checking completed. No error has been found.
  Estimates of the probability that TLC did not check all reachable states
  because two distinct states had the same fingerprint:
  calculated (optimistic):  val = 5.7E-9
  based on the actual fingerprints:  val = 2.5E-10
@!@!@ENDMSG 2193 @!@!@
@!@!@STARTMSG 2201:0 @!@!@
The coverage statistics at 2018-03-08 10:30:52
@!@!@ENDMSG 2201 @!@!@
@!@!@STARTMSG 2221:0 @!@!@
  line 128, col 11 to line 128, col 46 of module PlusCalLIFO: 96576
@!@!@ENDMSG 2221 @!@!@
@!@!@STARTMSG 2221:0 @!@!@
  line 129, col 24 to line 129, col 29 of module PlusCalLIFO: 96576
@!@!@ENDMSG 2221 @!@!@
@!@!@STARTMSG 2221:0 @!@!@
  line 129, col 32 to line 129, col 38 of module PlusCalLIFO: 96576
@!@!@ENDMSG 2221 @!@!@
@!@!@STARTMSG 2221:0 @!@!@
  line 129, col 41 to line 129, col 41 of module PlusCalLIFO: 96576
@!@!@ENDMSG 2221 @!@!@
@!@!@STARTMSG 2221:0 @!@!@
  line 129, col 44 to line 129, col 50 of module PlusCalLIFO: 96576
@!@!@ENDMSG 2221 @!@!@
@!@!@STARTMSG 2221:0 @!@!@
  line 129, col 53 to line 129, col 59 of module PlusCalLIFO: 96576
@!@!@ENDMSG 2221 @!@!@
@!@!@STARTMSG 2221:0 @!@!@
  line 129, col 62 to line 129, col 67 of module PlusCalLIFO: 96576
@!@!@ENDMSG 2221 @!@!@
@!@!@STARTMSG 2221:0 @!@!@
  line 129, col 70 to line 129, col 75 of module PlusCalLIFO: 96576
@!@!@ENDMSG 2221 @!@!@
@!@!@STARTMSG 2221:0 @!@!@
  line 133, col 11 to line 133, col 46 of module PlusCalLIFO: 40992
@!@!@ENDMSG 2221 @!@!@
@!@!@STARTMSG 2221:0 @!@!@
  line 134, col 24 to line 134, col 29 of module PlusCalLIFO: 40992
@!@!@ENDMSG 2221 @!@!@
@!@!@STARTMSG 2221:0 @!@!@
  line 134, col 32 to line 134, col 38 of module PlusCalLIFO: 40992
@!@!@ENDMSG 2221 @!@!@
@!@!@STARTMSG 2221:0 @!@!@
  line 134, col 41 to line 134, col 41 of module PlusCalLIFO: 40992
@!@!@ENDMSG 2221 @!@!@
@!@!@STARTMSG 2221:0 @!@!@
  line 134, col 44 to line 134, col 50 of module PlusCalLIFO: 40992
@!@!@ENDMSG 2221 @!@!@
@!@!@STARTMSG 2221:0 @!@!@
  line 134, col 53 to line 134, col 59 of module PlusCalLIFO: 40992
@!@!@ENDMSG 2221 @!@!@
@!@!@STARTMSG 2221:0 @!@!@
  line 134, col 62 to line 134, col 67 of module PlusCalLIFO: 40992
@!@!@ENDMSG 2221 @!@!@
@!@!@STARTMSG 2221:0 @!@!@
  line 134, col 70 to line 134, col 75 of module PlusCalLIFO: 40992
@!@!@ENDMSG 2221 @!@!@
@!@!@STARTMSG 2221:0 @!@!@
  line 137, col 11 to line 137, col 31 of module PlusCalLIFO: 40992
@!@!@ENDMSG 2221 @!@!@
@!@!@STARTMSG 2221:0 @!@!@
  line 138, col 11 to line 138, col 58 of module PlusCalLIFO: 40992
@!@!@ENDMSG 2221 @!@!@
@!@!@STARTMSG 2221:0 @!@!@
  line 157, col 11 to line 157, col 46 of module PlusCalLIFO: 40992
@!@!@ENDMSG 2221 @!@!@
@!@!@STARTMSG 2221:0 @!@!@
  line 158, col 24 to line 158, col 30 of module PlusCalLIFO: 40992
@!@!@ENDMSG 2221 @!@!@
@!@!@STARTMSG 2221:0 @!@!@
  line 158, col 33 to line 158, col 33 of module PlusCalLIFO: 40992
@!@!@ENDMSG 2221 @!@!@
@!@!@STARTMSG 2221:0 @!@!@
  line 158, col 36 to line 158, col 42 of module PlusCalLIFO: 40992
@!@!@ENDMSG 2221 @!@!@
@!@!@STARTMSG 2221:0 @!@!@
  line 158, col 45 to line 158, col 50 of module PlusCalLIFO: 40992
@!@!@ENDMSG 2221 @!@!@
@!@!@STARTMSG 2221:0 @!@!@
  line 158, col 53 to line 158, col 58 of module PlusCalLIFO: 40992
@!@!@ENDMSG 2221 @!@!@
@!@!@STARTMSG 2221:0 @!@!@
  line 163, col 11 to line 163, col 47 of module PlusCalLIFO: 100560
@!@!@ENDMSG 2221 @!@!@
@!@!@STARTMSG 2221:0 @!@!@
  line 164, col 24 to line 164, col 29 of module PlusCalLIFO: 100560
@!@!@ENDMSG 2221 @!@!@
@!@!@STARTMSG 2221:0 @!@!@
  line 164, col 32 to line 164, col 38 of module PlusCalLIFO: 100560
@!@!@ENDMSG 2221 @!@!@
@!@!@STARTMSG 2221:0 @!@!@
  line 164, col 41 to line 164, col 41 of module PlusCalLIFO: 100560
@!@!@ENDMSG 2221 @!@!@
@!@!@STARTMSG 2221:0 @!@!@
  line 164, col 44 to line 164, col 50 of module PlusCalLIFO: 100560
@!@!@ENDMSG 2221 @!@!@
@!@!@STARTMSG 2221:0 @!@!@
  line 164, col 53 to line 164, col 59 of module PlusCalLIFO: 100560
@!@!@ENDMSG 2221 @!@!@
@!@!@STARTMSG 2221:0 @!@!@
  line 164, col 62 to line 164, col 67 of module PlusCalLIFO: 100560
@!@!@ENDMSG 2221 @!@!@
@!@!@STARTMSG 2221:0 @!@!@
  line 164, col 70 to line 164, col 75 of module PlusCalLIFO: 100560
@!@!@ENDMSG 2221 @!@!@
@!@!@STARTMSG 2221:0 @!@!@
  line 168, col 11 to line 168, col 47 of module PlusCalLIFO: 33024
@!@!@ENDMSG 2221 @!@!@
@!@!@STARTMSG 2221:0 @!@!@
  line 169, col 24 to line 169, col 29 of module PlusCalLIFO: 33024
@!@!@ENDMSG 2221 @!@!@
@!@!@STARTMSG 2221:0 @!@!@
  line 169, col 32 to line 169, col 38 of module PlusCalLIFO: 33024
@!@!@ENDMSG 2221 @!@!@
@!@!@STARTMSG 2221:0 @!@!@
  line 169, col 41 to line 169, col 41 of module PlusCalLIFO: 33024
@!@!@ENDMSG 2221 @!@!@
@!@!@STARTMSG 2221:0 @!@!@
  line 169, col 44 to line 169, col 50 of module PlusCalLIFO: 33024
@!@!@ENDMSG 2221 @!@!@
@!@!@STARTMSG 2221:0 @!@!@
  line 169, col 53 to line 169, col 59 of module PlusCalLIFO: 33024
@!@!@ENDMSG 2221 @!@!@
@!@!@STARTMSG 2221:0 @!@!@
  line 169, col 62 to line 169, col 67 of module PlusCalLIFO: 33024
@!@!@ENDMSG 2221 @!@!@
@!@!@STARTMSG 2221:0 @!@!@
  line 169, col 70 to line 169, col 75 of module PlusCalLIFO: 33024
@!@!@ENDMSG 2221 @!@!@
@!@!@STARTMSG 2221:0 @!@!@
  line 172, col 11 to line 172, col 31 of module PlusCalLIFO: 33024
@!@!@ENDMSG 2221 @!@!@
@!@!@STARTMSG 2221:0 @!@!@
  line 173, col 11 to line 173, col 58 of module PlusCalLIFO: 33024
@!@!@ENDMSG 2221 @!@!@
@!@!@STARTMSG 2221:0 @!@!@
  line 174, col 11 to line 174, col 35 of module PlusCalLIFO: 33024
@!@!@ENDMSG 2221 @!@!@
@!@!@STARTMSG 2221:0 @!@!@
  line 193, col 11 to line 193, col 47 of module PlusCalLIFO: 33024
@!@!@ENDMSG 2221 @!@!@
@!@!@STARTMSG 2221:0 @!@!@
  line 194, col 24 to line 194, col 30 of module PlusCalLIFO: 33024
@!@!@ENDMSG 2221 @!@!@
@!@!@STARTMSG 2221:0 @!@!@
  line 194, col 33 to line 194, col 39 of module PlusCalLIFO: 33024
@!@!@ENDMSG 2221 @!@!@
@!@!@STARTMSG 2221:0 @!@!@
  line 194, col 42 to line 194, col 47 of module PlusCalLIFO: 33024
@!@!@ENDMSG 2221 @!@!@
@!@!@STARTMSG 2221:0 @!@!@
  line 194, col 50 to line 194, col 55 of module PlusCalLIFO: 33024
@!@!@ENDMSG 2221 @!@!@
@!@!@STARTMSG 2221:0 @!@!@
  line 199, col 11 to line 199, col 48 of module PlusCalLIFO: 97248
@!@!@ENDMSG 2221 @!@!@
@!@!@STARTMSG 2221:0 @!@!@
  line 200, col 24 to line 200, col 29 of module PlusCalLIFO: 97248
@!@!@ENDMSG 2221 @!@!@
@!@!@STARTMSG 2221:0 @!@!@
  line 200, col 32 to line 200, col 38 of module PlusCalLIFO: 97248
@!@!@ENDMSG 2221 @!@!@
@!@!@STARTMSG 2221:0 @!@!@
  line 200, col 41 to line 200, col 41 of module PlusCalLIFO: 97248
@!@!@ENDMSG 2221 @!@!@
@!@!@STARTMSG 2221:0 @!@!@
  line 200, col 44 to line 200, col 50 of module PlusCalLIFO: 97248
@!@!@ENDMSG 2221 @!@!@
@!@!@STARTMSG 2221:0 @!@!@
  line 200, col 53 to line 200, col 59 of module PlusCalLIFO: 97248
@!@!@ENDMSG 2221 @!@!@
@!@!@STARTMSG 2221:0 @!@!@
  line 200, col 62 to line 200, col 67 of module PlusCalLIFO: 97248
@!@!@ENDMSG 2221 @!@!@
@!@!@STARTMSG 2221:0 @!@!@
  line 200, col 70 to line 200, col 75 of module PlusCalLIFO: 97248
@!@!@ENDMSG 2221 @!@!@
@!@!@STARTMSG 2221:0 @!@!@
  line 204, col 11 to line 204, col 48 of module PlusCalLIFO: 39648
@!@!@ENDMSG 2221 @!@!@
@!@!@STARTMSG 2221:0 @!@!@
  line 205, col 24 to line 205, col 29 of module PlusCalLIFO: 39648
@!@!@ENDMSG 2221 @!@!@
@!@!@STARTMSG 2221:0 @!@!@
  line 205, col 32 to line 205, col 38 of module PlusCalLIFO: 39648
@!@!@ENDMSG 2221 @!@!@
@!@!@STARTMSG 2221:0 @!@!@
  line 205, col 41 to line 205, col 41 of module PlusCalLIFO: 39648
@!@!@ENDMSG 2221 @!@!@
@!@!@STARTMSG 2221:0 @!@!@
  line 205, col 44 to line 205, col 50 of module PlusCalLIFO: 39648
@!@!@ENDMSG 2221 @!@!@
@!@!@STARTMSG 2221:0 @!@!@
  line 205, col 53 to line 205, col 59 of module PlusCalLIFO: 39648
@!@!@ENDMSG 2221 @!@!@
@!@!@STARTMSG 2221:0 @!@!@
  line 205, col 62 to line 205, col 67 of module PlusCalLIFO: 39648
@!@!@ENDMSG 2221 @!@!@
@!@!@STARTMSG 2221:0 @!@!@
  line 205, col 70 to line 205, col 75 of module PlusCalLIFO: 39648
@!@!@ENDMSG 2221 @!@!@
@!@!@STARTMSG 2221:0 @!@!@
  line 208, col 11 to line 208, col 31 of module PlusCalLIFO: 39648
@!@!@ENDMSG 2221 @!@!@
@!@!@STARTMSG 2221:0 @!@!@
  line 209, col 11 to line 210, col 53 of module PlusCalLIFO: 39648
@!@!@ENDMSG 2221 @!@!@
@!@!@STARTMSG 2221:0 @!@!@
  line 211, col 11 to line 211, col 22 of module PlusCalLIFO: 39648
@!@!@ENDMSG 2221 @!@!@
@!@!@STARTMSG 2221:0 @!@!@
  line 230, col 11 to line 230, col 48 of module PlusCalLIFO: 39648
@!@!@ENDMSG 2221 @!@!@
@!@!@STARTMSG 2221:0 @!@!@
  line 231, col 24 to line 231, col 29 of module PlusCalLIFO: 39648
@!@!@ENDMSG 2221 @!@!@
@!@!@STARTMSG 2221:0 @!@!@
  line 231, col 32 to line 231, col 38 of module PlusCalLIFO: 39648
@!@!@ENDMSG 2221 @!@!@
@!@!@STARTMSG 2221:0 @!@!@
  line 231, col 41 to line 231, col 47 of module PlusCalLIFO: 39648
@!@!@ENDMSG 2221 @!@!@
@!@!@STARTMSG 2221:0 @!@!@
  line 231, col 50 to line 231, col 55 of module PlusCalLIFO: 39648
@!@!@ENDMSG 2221 @!@!@
@!@!@STARTMSG 2221:0 @!@!@
  line 236, col 11 to line 236, col 45 of module PlusCalLIFO: 101616
@!@!@ENDMSG 2221 @!@!@
@!@!@STARTMSG 2221:0 @!@!@
  line 237, col 24 to line 237, col 29 of module PlusCalLIFO: 101616
@!@!@ENDMSG 2221 @!@!@
@!@!@STARTMSG 2221:0 @!@!@
  line 237, col 32 to line 237, col 38 of module PlusCalLIFO: 101616
@!@!@ENDMSG 2221 @!@!@
@!@!@STARTMSG 2221:0 @!@!@
  line 237, col 41 to line 237, col 41 of module PlusCalLIFO: 101616
@!@!@ENDMSG 2221 @!@!@
@!@!@STARTMSG 2221:0 @!@!@
  line 237, col 44 to line 237, col 50 of module PlusCalLIFO: 101616
@!@!@ENDMSG 2221 @!@!@
@!@!@STARTMSG 2221:0 @!@!@
  line 237, col 53 to line 237, col 59 of module PlusCalLIFO: 101616
@!@!@ENDMSG 2221 @!@!@
@!@!@STARTMSG 2221:0 @!@!@
  line 237, col 62 to line 237, col 67 of module PlusCalLIFO: 101616
@!@!@ENDMSG 2221 @!@!@
@!@!@STARTMSG 2221:0 @!@!@
  line 237, col 70 to line 237, col 75 of module PlusCalLIFO: 101616
@!@!@ENDMSG 2221 @!@!@
@!@!@STARTMSG 2221:0 @!@!@
  line 241, col 11 to line 241, col 45 of module PlusCalLIFO: 30912
@!@!@ENDMSG 2221 @!@!@
@!@!@STARTMSG 2221:0 @!@!@
  line 242, col 24 to line 242, col 29 of module PlusCalLIFO: 30912
@!@!@ENDMSG 2221 @!@!@
@!@!@STARTMSG 2221:0 @!@!@
  line 242, col 32 to line 242, col 38 of module PlusCalLIFO: 30912
@!@!@ENDMSG 2221 @!@!@
@!@!@STARTMSG 2221:0 @!@!@
  line 242, col 41 to line 242, col 41 of module PlusCalLIFO: 30912
@!@!@ENDMSG 2221 @!@!@
@!@!@STARTMSG 2221:0 @!@!@
  line 242, col 44 to line 242, col 50 of module PlusCalLIFO: 30912
@!@!@ENDMSG 2221 @!@!@
@!@!@STARTMSG 2221:0 @!@!@
  line 242, col 53 to line 242, col 59 of module PlusCalLIFO: 30912
@!@!@ENDMSG 2221 @!@!@
@!@!@STARTMSG 2221:0 @!@!@
  line 242, col 62 to line 242, col 67 of module PlusCalLIFO: 30912
@!@!@ENDMSG 2221 @!@!@
@!@!@STARTMSG 2221:0 @!@!@
  line 242, col 70 to line 242, col 75 of module PlusCalLIFO: 30912
@!@!@ENDMSG 2221 @!@!@
@!@!@STARTMSG 2221:0 @!@!@
  line 245, col 11 to line 245, col 31 of module PlusCalLIFO: 30912
@!@!@ENDMSG 2221 @!@!@
@!@!@STARTMSG 2221:0 @!@!@
  line 246, col 11 to line 246, col 61 of module PlusCalLIFO: 30912
@!@!@ENDMSG 2221 @!@!@
@!@!@STARTMSG 2221:0 @!@!@
  line 265, col 11 to line 265, col 45 of module PlusCalLIFO: 30912
@!@!@ENDMSG 2221 @!@!@
@!@!@STARTMSG 2221:0 @!@!@
  line 266, col 24 to line 266, col 29 of module PlusCalLIFO: 30912
@!@!@ENDMSG 2221 @!@!@
@!@!@STARTMSG 2221:0 @!@!@
  line 266, col 32 to line 266, col 32 of module PlusCalLIFO: 30912
@!@!@ENDMSG 2221 @!@!@
@!@!@STARTMSG 2221:0 @!@!@
  line 266, col 35 to line 266, col 41 of module PlusCalLIFO: 30912
@!@!@ENDMSG 2221 @!@!@
@!@!@STARTMSG 2221:0 @!@!@
  line 266, col 44 to line 266, col 50 of module PlusCalLIFO: 30912
@!@!@ENDMSG 2221 @!@!@
@!@!@STARTMSG 2221:0 @!@!@
  line 266, col 53 to line 266, col 58 of module PlusCalLIFO: 30912
@!@!@ENDMSG 2221 @!@!@
@!@!@STARTMSG 2202:0 @!@!@
End of statistics.
@!@!@ENDMSG 2202 @!@!@
@!@!@STARTMSG 2200:0 @!@!@
Progress(48) at 2018-03-08 10:30:52: 685728 states generated (5.653.157 s/min), 234144 distinct states found (1.930.288 ds/min), 0 states left on queue.
@!@!@ENDMSG 2200 @!@!@
@!@!@STARTMSG 2199:0 @!@!@
685728 states generated, 234144 distinct states found, 0 states left on queue.
@!@!@ENDMSG 2199 @!@!@
@!@!@STARTMSG 2194:0 @!@!@
The depth of the complete state graph search is 48.
@!@!@ENDMSG 2194 @!@!@
@!@!@STARTMSG 2268:0 @!@!@
The average outdegree of the complete state graph is 1 (minimum is 0, the maximum 4 and the 95th percentile is 3).
@!@!@ENDMSG 2268 @!@!@
@!@!@STARTMSG 2186:0 @!@!@
Finished in 7760ms at (2018-03-08 10:30:52)
@!@!@ENDMSG 2186 @!@!@
