@!@!@STARTMSG 2262:0 @!@!@
TLC2 Version 2.11 of 05 January 2018
@!@!@ENDMSG 2262 @!@!@
@!@!@STARTMSG 2187:0 @!@!@
Running breadth-first search Model-Checking with 2 workers on 4 cores with 599MB heap and 1345MB offheap memory (Windows 10 10.0 amd64, Oracle Corporation 1.8.0_161 x86_64).
@!@!@ENDMSG 2187 @!@!@
@!@!@STARTMSG 2220:0 @!@!@
Starting SANY...
@!@!@ENDMSG 2220 @!@!@
Parsing file MC.tla
Parsing file PlusCalLIFO.tla
Parsing file D:\Modelling and Verification\toolbox\plugins\org.lamport.tlatools_1.0.0.201801080826\tla2sany\StandardModules\TLC.tla
Parsing file D:\Modelling and Verification\toolbox\plugins\org.lamport.tlatools_1.0.0.201801080826\tla2sany\StandardModules\Naturals.tla
Parsing file D:\Modelling and Verification\toolbox\plugins\org.lamport.tlatools_1.0.0.201801080826\tla2sany\StandardModules\Sequences.tla
Semantic processing of module Naturals
Semantic processing of module Sequences
Semantic processing of module TLC
Semantic processing of module PlusCalLIFO
Semantic processing of module MC
@!@!@STARTMSG 2219:0 @!@!@
SANY finished.
@!@!@ENDMSG 2219 @!@!@
@!@!@STARTMSG 2185:0 @!@!@
Starting... (2018-03-07 11:21:29)
@!@!@ENDMSG 2185 @!@!@
@!@!@STARTMSG 2189:0 @!@!@
Computing initial states...
@!@!@ENDMSG 2189 @!@!@
@!@!@STARTMSG 2190:0 @!@!@
Finished computing initial states: 576 distinct states generated.
@!@!@ENDMSG 2190 @!@!@
@!@!@STARTMSG 2200:0 @!@!@
Progress(15) at 2018-03-07 11:21:33: 338172 states generated (338.172 s/min), 127479 distinct states found (127.479 ds/min), 13142 states left on queue.
@!@!@ENDMSG 2200 @!@!@
@!@!@STARTMSG 2193:0 @!@!@
Model checking completed. No error has been found.
  Estimates of the probability that TLC did not check all reachable states
  because two distinct states had the same fingerprint:
  calculated (optimistic):  val = 1.6E-8
  based on the actual fingerprints:  val = 6.9E-9
@!@!@ENDMSG 2193 @!@!@
@!@!@STARTMSG 2201:0 @!@!@
The coverage statistics at 2018-03-07 11:21:39
@!@!@ENDMSG 2201 @!@!@
@!@!@STARTMSG 2221:0 @!@!@
  line 122, col 11 to line 122, col 46 of module PlusCalLIFO: 161856
@!@!@ENDMSG 2221 @!@!@
@!@!@STARTMSG 2221:0 @!@!@
  line 123, col 24 to line 123, col 29 of module PlusCalLIFO: 161856
@!@!@ENDMSG 2221 @!@!@
@!@!@STARTMSG 2221:0 @!@!@
  line 123, col 32 to line 123, col 38 of module PlusCalLIFO: 161856
@!@!@ENDMSG 2221 @!@!@
@!@!@STARTMSG 2221:0 @!@!@
  line 123, col 41 to line 123, col 41 of module PlusCalLIFO: 161856
@!@!@ENDMSG 2221 @!@!@
@!@!@STARTMSG 2221:0 @!@!@
  line 123, col 44 to line 123, col 50 of module PlusCalLIFO: 161856
@!@!@ENDMSG 2221 @!@!@
@!@!@STARTMSG 2221:0 @!@!@
  line 123, col 53 to line 123, col 59 of module PlusCalLIFO: 161856
@!@!@ENDMSG 2221 @!@!@
@!@!@STARTMSG 2221:0 @!@!@
  line 123, col 62 to line 123, col 67 of module PlusCalLIFO: 161856
@!@!@ENDMSG 2221 @!@!@
@!@!@STARTMSG 2221:0 @!@!@
  line 123, col 70 to line 123, col 73 of module PlusCalLIFO: 161856
@!@!@ENDMSG 2221 @!@!@
@!@!@STARTMSG 2221:0 @!@!@
  line 124, col 24 to line 124, col 29 of module PlusCalLIFO: 161856
@!@!@ENDMSG 2221 @!@!@
@!@!@STARTMSG 2221:0 @!@!@
  line 128, col 11 to line 128, col 46 of module PlusCalLIFO: 70272
@!@!@ENDMSG 2221 @!@!@
@!@!@STARTMSG 2221:0 @!@!@
  line 129, col 24 to line 129, col 29 of module PlusCalLIFO: 70272
@!@!@ENDMSG 2221 @!@!@
@!@!@STARTMSG 2221:0 @!@!@
  line 129, col 32 to line 129, col 38 of module PlusCalLIFO: 70272
@!@!@ENDMSG 2221 @!@!@
@!@!@STARTMSG 2221:0 @!@!@
  line 129, col 41 to line 129, col 41 of module PlusCalLIFO: 70272
@!@!@ENDMSG 2221 @!@!@
@!@!@STARTMSG 2221:0 @!@!@
  line 129, col 44 to line 129, col 50 of module PlusCalLIFO: 70272
@!@!@ENDMSG 2221 @!@!@
@!@!@STARTMSG 2221:0 @!@!@
  line 129, col 53 to line 129, col 59 of module PlusCalLIFO: 70272
@!@!@ENDMSG 2221 @!@!@
@!@!@STARTMSG 2221:0 @!@!@
  line 129, col 62 to line 129, col 67 of module PlusCalLIFO: 70272
@!@!@ENDMSG 2221 @!@!@
@!@!@STARTMSG 2221:0 @!@!@
  line 129, col 70 to line 129, col 73 of module PlusCalLIFO: 70272
@!@!@ENDMSG 2221 @!@!@
@!@!@STARTMSG 2221:0 @!@!@
  line 130, col 24 to line 130, col 29 of module PlusCalLIFO: 70272
@!@!@ENDMSG 2221 @!@!@
@!@!@STARTMSG 2221:0 @!@!@
  line 133, col 11 to line 133, col 31 of module PlusCalLIFO: 70272
@!@!@ENDMSG 2221 @!@!@
@!@!@STARTMSG 2221:0 @!@!@
  line 134, col 11 to line 134, col 58 of module PlusCalLIFO: 70272
@!@!@ENDMSG 2221 @!@!@
@!@!@STARTMSG 2221:0 @!@!@
  line 153, col 11 to line 153, col 46 of module PlusCalLIFO: 70272
@!@!@ENDMSG 2221 @!@!@
@!@!@STARTMSG 2221:0 @!@!@
  line 154, col 24 to line 154, col 30 of module PlusCalLIFO: 70272
@!@!@ENDMSG 2221 @!@!@
@!@!@STARTMSG 2221:0 @!@!@
  line 154, col 33 to line 154, col 33 of module PlusCalLIFO: 70272
@!@!@ENDMSG 2221 @!@!@
@!@!@STARTMSG 2221:0 @!@!@
  line 154, col 36 to line 154, col 42 of module PlusCalLIFO: 70272
@!@!@ENDMSG 2221 @!@!@
@!@!@STARTMSG 2221:0 @!@!@
  line 154, col 45 to line 154, col 50 of module PlusCalLIFO: 70272
@!@!@ENDMSG 2221 @!@!@
@!@!@STARTMSG 2221:0 @!@!@
  line 154, col 53 to line 154, col 56 of module PlusCalLIFO: 70272
@!@!@ENDMSG 2221 @!@!@
@!@!@STARTMSG 2221:0 @!@!@
  line 154, col 59 to line 154, col 64 of module PlusCalLIFO: 70272
@!@!@ENDMSG 2221 @!@!@
@!@!@STARTMSG 2221:0 @!@!@
  line 159, col 11 to line 159, col 47 of module PlusCalLIFO: 169920
@!@!@ENDMSG 2221 @!@!@
@!@!@STARTMSG 2221:0 @!@!@
  line 160, col 24 to line 160, col 29 of module PlusCalLIFO: 169920
@!@!@ENDMSG 2221 @!@!@
@!@!@STARTMSG 2221:0 @!@!@
  line 160, col 32 to line 160, col 38 of module PlusCalLIFO: 169920
@!@!@ENDMSG 2221 @!@!@
@!@!@STARTMSG 2221:0 @!@!@
  line 160, col 41 to line 160, col 41 of module PlusCalLIFO: 169920
@!@!@ENDMSG 2221 @!@!@
@!@!@STARTMSG 2221:0 @!@!@
  line 160, col 44 to line 160, col 50 of module PlusCalLIFO: 169920
@!@!@ENDMSG 2221 @!@!@
@!@!@STARTMSG 2221:0 @!@!@
  line 160, col 53 to line 160, col 59 of module PlusCalLIFO: 169920
@!@!@ENDMSG 2221 @!@!@
@!@!@STARTMSG 2221:0 @!@!@
  line 160, col 62 to line 160, col 67 of module PlusCalLIFO: 169920
@!@!@ENDMSG 2221 @!@!@
@!@!@STARTMSG 2221:0 @!@!@
  line 160, col 70 to line 160, col 73 of module PlusCalLIFO: 169920
@!@!@ENDMSG 2221 @!@!@
@!@!@STARTMSG 2221:0 @!@!@
  line 161, col 24 to line 161, col 29 of module PlusCalLIFO: 169920
@!@!@ENDMSG 2221 @!@!@
@!@!@STARTMSG 2221:0 @!@!@
  line 165, col 11 to line 165, col 47 of module PlusCalLIFO: 54144
@!@!@ENDMSG 2221 @!@!@
@!@!@STARTMSG 2221:0 @!@!@
  line 166, col 24 to line 166, col 29 of module PlusCalLIFO: 54144
@!@!@ENDMSG 2221 @!@!@
@!@!@STARTMSG 2221:0 @!@!@
  line 166, col 32 to line 166, col 38 of module PlusCalLIFO: 54144
@!@!@ENDMSG 2221 @!@!@
@!@!@STARTMSG 2221:0 @!@!@
  line 166, col 41 to line 166, col 41 of module PlusCalLIFO: 54144
@!@!@ENDMSG 2221 @!@!@
@!@!@STARTMSG 2221:0 @!@!@
  line 166, col 44 to line 166, col 50 of module PlusCalLIFO: 54144
@!@!@ENDMSG 2221 @!@!@
@!@!@STARTMSG 2221:0 @!@!@
  line 166, col 53 to line 166, col 59 of module PlusCalLIFO: 54144
@!@!@ENDMSG 2221 @!@!@
@!@!@STARTMSG 2221:0 @!@!@
  line 166, col 62 to line 166, col 67 of module PlusCalLIFO: 54144
@!@!@ENDMSG 2221 @!@!@
@!@!@STARTMSG 2221:0 @!@!@
  line 166, col 70 to line 166, col 73 of module PlusCalLIFO: 54144
@!@!@ENDMSG 2221 @!@!@
@!@!@STARTMSG 2221:0 @!@!@
  line 167, col 24 to line 167, col 29 of module PlusCalLIFO: 54144
@!@!@ENDMSG 2221 @!@!@
@!@!@STARTMSG 2221:0 @!@!@
  line 170, col 11 to line 170, col 31 of module PlusCalLIFO: 54144
@!@!@ENDMSG 2221 @!@!@
@!@!@STARTMSG 2221:0 @!@!@
  line 171, col 11 to line 171, col 58 of module PlusCalLIFO: 54144
@!@!@ENDMSG 2221 @!@!@
@!@!@STARTMSG 2221:0 @!@!@
  line 172, col 11 to line 172, col 37 of module PlusCalLIFO: 54144
@!@!@ENDMSG 2221 @!@!@
@!@!@STARTMSG 2221:0 @!@!@
  line 191, col 11 to line 191, col 47 of module PlusCalLIFO: 54144
@!@!@ENDMSG 2221 @!@!@
@!@!@STARTMSG 2221:0 @!@!@
  line 192, col 24 to line 192, col 30 of module PlusCalLIFO: 54144
@!@!@ENDMSG 2221 @!@!@
@!@!@STARTMSG 2221:0 @!@!@
  line 192, col 33 to line 192, col 39 of module PlusCalLIFO: 54144
@!@!@ENDMSG 2221 @!@!@
@!@!@STARTMSG 2221:0 @!@!@
  line 192, col 42 to line 192, col 47 of module PlusCalLIFO: 54144
@!@!@ENDMSG 2221 @!@!@
@!@!@STARTMSG 2221:0 @!@!@
  line 192, col 50 to line 192, col 53 of module PlusCalLIFO: 54144
@!@!@ENDMSG 2221 @!@!@
@!@!@STARTMSG 2221:0 @!@!@
  line 192, col 56 to line 192, col 61 of module PlusCalLIFO: 54144
@!@!@ENDMSG 2221 @!@!@
@!@!@STARTMSG 2221:0 @!@!@
  line 197, col 11 to line 197, col 48 of module PlusCalLIFO: 170208
@!@!@ENDMSG 2221 @!@!@
@!@!@STARTMSG 2221:0 @!@!@
  line 198, col 24 to line 198, col 29 of module PlusCalLIFO: 170208
@!@!@ENDMSG 2221 @!@!@
@!@!@STARTMSG 2221:0 @!@!@
  line 198, col 32 to line 198, col 38 of module PlusCalLIFO: 170208
@!@!@ENDMSG 2221 @!@!@
@!@!@STARTMSG 2221:0 @!@!@
  line 198, col 41 to line 198, col 41 of module PlusCalLIFO: 170208
@!@!@ENDMSG 2221 @!@!@
@!@!@STARTMSG 2221:0 @!@!@
  line 198, col 44 to line 198, col 50 of module PlusCalLIFO: 170208
@!@!@ENDMSG 2221 @!@!@
@!@!@STARTMSG 2221:0 @!@!@
  line 198, col 53 to line 198, col 59 of module PlusCalLIFO: 170208
@!@!@ENDMSG 2221 @!@!@
@!@!@STARTMSG 2221:0 @!@!@
  line 198, col 62 to line 198, col 67 of module PlusCalLIFO: 170208
@!@!@ENDMSG 2221 @!@!@
@!@!@STARTMSG 2221:0 @!@!@
  line 198, col 70 to line 198, col 73 of module PlusCalLIFO: 170208
@!@!@ENDMSG 2221 @!@!@
@!@!@STARTMSG 2221:0 @!@!@
  line 199, col 24 to line 199, col 29 of module PlusCalLIFO: 170208
@!@!@ENDMSG 2221 @!@!@
@!@!@STARTMSG 2221:0 @!@!@
  line 203, col 11 to line 203, col 48 of module PlusCalLIFO: 53568
@!@!@ENDMSG 2221 @!@!@
@!@!@STARTMSG 2221:0 @!@!@
  line 204, col 24 to line 204, col 29 of module PlusCalLIFO: 53568
@!@!@ENDMSG 2221 @!@!@
@!@!@STARTMSG 2221:0 @!@!@
  line 204, col 32 to line 204, col 38 of module PlusCalLIFO: 53568
@!@!@ENDMSG 2221 @!@!@
@!@!@STARTMSG 2221:0 @!@!@
  line 204, col 41 to line 204, col 41 of module PlusCalLIFO: 53568
@!@!@ENDMSG 2221 @!@!@
@!@!@STARTMSG 2221:0 @!@!@
  line 204, col 44 to line 204, col 50 of module PlusCalLIFO: 53568
@!@!@ENDMSG 2221 @!@!@
@!@!@STARTMSG 2221:0 @!@!@
  line 204, col 53 to line 204, col 59 of module PlusCalLIFO: 53568
@!@!@ENDMSG 2221 @!@!@
@!@!@STARTMSG 2221:0 @!@!@
  line 204, col 62 to line 204, col 67 of module PlusCalLIFO: 53568
@!@!@ENDMSG 2221 @!@!@
@!@!@STARTMSG 2221:0 @!@!@
  line 204, col 70 to line 204, col 73 of module PlusCalLIFO: 53568
@!@!@ENDMSG 2221 @!@!@
@!@!@STARTMSG 2221:0 @!@!@
  line 205, col 24 to line 205, col 29 of module PlusCalLIFO: 53568
@!@!@ENDMSG 2221 @!@!@
@!@!@STARTMSG 2221:0 @!@!@
  line 208, col 11 to line 208, col 31 of module PlusCalLIFO: 53568
@!@!@ENDMSG 2221 @!@!@
@!@!@STARTMSG 2221:0 @!@!@
  line 209, col 11 to line 209, col 61 of module PlusCalLIFO: 53568
@!@!@ENDMSG 2221 @!@!@
@!@!@STARTMSG 2221:0 @!@!@
  line 210, col 11 to line 210, col 25 of module PlusCalLIFO: 53568
@!@!@ENDMSG 2221 @!@!@
@!@!@STARTMSG 2221:0 @!@!@
  line 211, col 11 to line 211, col 22 of module PlusCalLIFO: 53568
@!@!@ENDMSG 2221 @!@!@
@!@!@STARTMSG 2221:0 @!@!@
  line 230, col 11 to line 230, col 48 of module PlusCalLIFO: 53568
@!@!@ENDMSG 2221 @!@!@
@!@!@STARTMSG 2221:0 @!@!@
  line 231, col 24 to line 231, col 29 of module PlusCalLIFO: 53568
@!@!@ENDMSG 2221 @!@!@
@!@!@STARTMSG 2221:0 @!@!@
  line 231, col 32 to line 231, col 38 of module PlusCalLIFO: 53568
@!@!@ENDMSG 2221 @!@!@
@!@!@STARTMSG 2221:0 @!@!@
  line 231, col 41 to line 231, col 47 of module PlusCalLIFO: 53568
@!@!@ENDMSG 2221 @!@!@
@!@!@STARTMSG 2221:0 @!@!@
  line 231, col 50 to line 231, col 55 of module PlusCalLIFO: 53568
@!@!@ENDMSG 2221 @!@!@
@!@!@STARTMSG 2221:0 @!@!@
  line 236, col 11 to line 236, col 45 of module PlusCalLIFO: 163296
@!@!@ENDMSG 2221 @!@!@
@!@!@STARTMSG 2221:0 @!@!@
  line 237, col 24 to line 237, col 29 of module PlusCalLIFO: 163296
@!@!@ENDMSG 2221 @!@!@
@!@!@STARTMSG 2221:0 @!@!@
  line 237, col 32 to line 237, col 38 of module PlusCalLIFO: 163296
@!@!@ENDMSG 2221 @!@!@
@!@!@STARTMSG 2221:0 @!@!@
  line 237, col 41 to line 237, col 41 of module PlusCalLIFO: 163296
@!@!@ENDMSG 2221 @!@!@
@!@!@STARTMSG 2221:0 @!@!@
  line 237, col 44 to line 237, col 50 of module PlusCalLIFO: 163296
@!@!@ENDMSG 2221 @!@!@
@!@!@STARTMSG 2221:0 @!@!@
  line 237, col 53 to line 237, col 59 of module PlusCalLIFO: 163296
@!@!@ENDMSG 2221 @!@!@
@!@!@STARTMSG 2221:0 @!@!@
  line 237, col 62 to line 237, col 67 of module PlusCalLIFO: 163296
@!@!@ENDMSG 2221 @!@!@
@!@!@STARTMSG 2221:0 @!@!@
  line 237, col 70 to line 237, col 73 of module PlusCalLIFO: 163296
@!@!@ENDMSG 2221 @!@!@
@!@!@STARTMSG 2221:0 @!@!@
  line 238, col 24 to line 238, col 29 of module PlusCalLIFO: 163296
@!@!@ENDMSG 2221 @!@!@
@!@!@STARTMSG 2221:0 @!@!@
  line 242, col 11 to line 242, col 45 of module PlusCalLIFO: 67392
@!@!@ENDMSG 2221 @!@!@
@!@!@STARTMSG 2221:0 @!@!@
  line 243, col 24 to line 243, col 29 of module PlusCalLIFO: 67392
@!@!@ENDMSG 2221 @!@!@
@!@!@STARTMSG 2221:0 @!@!@
  line 243, col 32 to line 243, col 38 of module PlusCalLIFO: 67392
@!@!@ENDMSG 2221 @!@!@
@!@!@STARTMSG 2221:0 @!@!@
  line 243, col 41 to line 243, col 41 of module PlusCalLIFO: 67392
@!@!@ENDMSG 2221 @!@!@
@!@!@STARTMSG 2221:0 @!@!@
  line 243, col 44 to line 243, col 50 of module PlusCalLIFO: 67392
@!@!@ENDMSG 2221 @!@!@
@!@!@STARTMSG 2221:0 @!@!@
  line 243, col 53 to line 243, col 59 of module PlusCalLIFO: 67392
@!@!@ENDMSG 2221 @!@!@
@!@!@STARTMSG 2221:0 @!@!@
  line 243, col 62 to line 243, col 67 of module PlusCalLIFO: 67392
@!@!@ENDMSG 2221 @!@!@
@!@!@STARTMSG 2221:0 @!@!@
  line 243, col 70 to line 243, col 73 of module PlusCalLIFO: 67392
@!@!@ENDMSG 2221 @!@!@
@!@!@STARTMSG 2221:0 @!@!@
  line 244, col 24 to line 244, col 29 of module PlusCalLIFO: 67392
@!@!@ENDMSG 2221 @!@!@
@!@!@STARTMSG 2221:0 @!@!@
  line 247, col 11 to line 247, col 31 of module PlusCalLIFO: 67392
@!@!@ENDMSG 2221 @!@!@
@!@!@STARTMSG 2221:0 @!@!@
  line 248, col 11 to line 248, col 61 of module PlusCalLIFO: 67392
@!@!@ENDMSG 2221 @!@!@
@!@!@STARTMSG 2221:0 @!@!@
  line 267, col 11 to line 267, col 45 of module PlusCalLIFO: 67392
@!@!@ENDMSG 2221 @!@!@
@!@!@STARTMSG 2221:0 @!@!@
  line 268, col 24 to line 268, col 29 of module PlusCalLIFO: 67392
@!@!@ENDMSG 2221 @!@!@
@!@!@STARTMSG 2221:0 @!@!@
  line 268, col 32 to line 268, col 32 of module PlusCalLIFO: 67392
@!@!@ENDMSG 2221 @!@!@
@!@!@STARTMSG 2221:0 @!@!@
  line 268, col 35 to line 268, col 41 of module PlusCalLIFO: 67392
@!@!@ENDMSG 2221 @!@!@
@!@!@STARTMSG 2221:0 @!@!@
  line 268, col 44 to line 268, col 50 of module PlusCalLIFO: 67392
@!@!@ENDMSG 2221 @!@!@
@!@!@STARTMSG 2221:0 @!@!@
  line 268, col 53 to line 268, col 58 of module PlusCalLIFO: 67392
@!@!@ENDMSG 2221 @!@!@
@!@!@STARTMSG 2221:0 @!@!@
  line 268, col 61 to line 268, col 64 of module PlusCalLIFO: 67392
@!@!@ENDMSG 2221 @!@!@
@!@!@STARTMSG 2202:0 @!@!@
End of statistics.
@!@!@ENDMSG 2202 @!@!@
@!@!@STARTMSG 2200:0 @!@!@
Progress(48) at 2018-03-07 11:21:39: 1156608 states generated (7.300.281 s/min), 393984 distinct states found (2.486.749 ds/min), 0 states left on queue.
@!@!@ENDMSG 2200 @!@!@
@!@!@STARTMSG 2199:0 @!@!@
1156608 states generated, 393984 distinct states found, 0 states left on queue.
@!@!@ENDMSG 2199 @!@!@
@!@!@STARTMSG 2194:0 @!@!@
The depth of the complete state graph search is 48.
@!@!@ENDMSG 2194 @!@!@
@!@!@STARTMSG 2268:0 @!@!@
The average outdegree of the complete state graph is 1 (minimum is 0, the maximum 4 and the 95th percentile is 3).
@!@!@ENDMSG 2268 @!@!@
@!@!@STARTMSG 2186:0 @!@!@
Finished in 10176ms at (2018-03-07 11:21:39)
@!@!@ENDMSG 2186 @!@!@
