@!@!@STARTMSG 2262:0 @!@!@
TLC2 Version 2.12 of 29 January 2018
@!@!@ENDMSG 2262 @!@!@
@!@!@STARTMSG 2187:0 @!@!@
Running breadth-first search Model-Checking with 4 workers on 8 cores with 1188MB heap and 2670MB offheap memory (Windows 10 10.0 amd64, Oracle Corporation 1.8.0_162 x86_64).
@!@!@ENDMSG 2187 @!@!@
@!@!@STARTMSG 2220:0 @!@!@
Starting SANY...
@!@!@ENDMSG 2220 @!@!@
Parsing file C:\Users\jensk\Desktop\Repos\MV\Buffer\InnerLIFO.toolbox\Model_1\Functions.toolbox\Model_1\MC.tla
Parsing file C:\Users\jensk\Desktop\Repos\MV\Buffer\InnerLIFO.toolbox\Model_1\Functions.toolbox\Model_1\Functions.tla
Parsing file C:\Users\jensk\Desktop\Modelling and verification\ToolBox\toolbox\plugins\org.lamport.tlatools_1.0.0.201801291236\tla2sany\StandardModules\TLC.tla
Parsing file C:\Users\jensk\Desktop\Modelling and verification\ToolBox\toolbox\plugins\org.lamport.tlatools_1.0.0.201801291236\tla2sany\StandardModules\Naturals.tla
Parsing file C:\Users\jensk\Desktop\Modelling and verification\ToolBox\toolbox\plugins\org.lamport.tlatools_1.0.0.201801291236\tla2sany\StandardModules\Sequences.tla
Semantic processing of module Naturals
Semantic processing of module Sequences
Semantic processing of module Functions
Semantic processing of module TLC
Semantic processing of module MC
@!@!@STARTMSG 2219:0 @!@!@
SANY finished.
@!@!@ENDMSG 2219 @!@!@
@!@!@STARTMSG 2185:0 @!@!@
Starting... (2018-03-15 11:02:21)
@!@!@ENDMSG 2185 @!@!@
@!@!@STARTMSG 2189:0 @!@!@
Computing initial states...
@!@!@ENDMSG 2189 @!@!@
@!@!@STARTMSG 2190:0 @!@!@
Finished computing initial states: 1 distinct state generated.
@!@!@ENDMSG 2190 @!@!@
@!@!@STARTMSG 2193:0 @!@!@
Model checking completed. No error has been found.
  Estimates of the probability that TLC did not check all reachable states
  because two distinct states had the same fingerprint:
  calculated (optimistic):  val = 1.1E-19
  based on the actual fingerprints:  val = 1.8E308
@!@!@ENDMSG 2193 @!@!@
@!@!@STARTMSG 2201:0 @!@!@
The coverage statistics at 2018-03-15 11:02:23
@!@!@ENDMSG 2201 @!@!@
@!@!@STARTMSG 2221:0 @!@!@
  line 39, col 16 to line 39, col 25 of module Functions: 2
@!@!@ENDMSG 2221 @!@!@
@!@!@STARTMSG 2202:0 @!@!@
End of statistics.
@!@!@ENDMSG 2202 @!@!@
@!@!@STARTMSG 2200:0 @!@!@
Progress(2) at 2018-03-15 11:02:23: 3 states generated (97 s/min), 2 distinct states found (64 ds/min), 0 states left on queue.
@!@!@ENDMSG 2200 @!@!@
@!@!@STARTMSG 2199:0 @!@!@
3 states generated, 2 distinct states found, 0 states left on queue.
@!@!@ENDMSG 2199 @!@!@
@!@!@STARTMSG 2194:0 @!@!@
The depth of the complete state graph search is 2.
@!@!@ENDMSG 2194 @!@!@
@!@!@STARTMSG 2268:0 @!@!@
The average outdegree of the complete state graph is 1 (minimum is 0, the maximum 1 and the 95th percentile is 1).
@!@!@ENDMSG 2268 @!@!@
@!@!@STARTMSG 2186:0 @!@!@
Finished in 2036ms at (2018-03-15 11:02:23)
@!@!@ENDMSG 2186 @!@!@
